Using pre-set license
Built from '2022.3/staging' branch; Version is '2022.3.15f1 (b58023a2b463) revision 11894819'; Using compiler version '192829333'; Build Type 'Release'
OS: 'Windows 11  (10.0.22631) 64bit Professional' Language: 'en' Physical Memory: 16197 MB
BatchMode: 1, IsHumanControllingUs: 0, StartBugReporterOnCrash: 0, Is64bit: 1, IsPro: 1

COMMAND LINE ARGUMENTS:
C:\Program Files\Unity\Hub\Editor\2022.3.15f1\Editor\Unity.exe
-adb2
-batchMode
-noUpm
-name
AssetImportWorker1
-projectPath
C:/Users/User/Documents/Final Project/Final Project
-logFile
Logs/AssetImportWorker1.log
-srvPort
49960
Successfully changed project path to: C:/Users/User/Documents/Final Project/Final Project
C:/Users/User/Documents/Final Project/Final Project
[UnityMemory] Configuration Parameters - Can be set up in boot.config
    "memorysetup-bucket-allocator-granularity=16"
    "memorysetup-bucket-allocator-bucket-count=8"
    "memorysetup-bucket-allocator-block-size=33554432"
    "memorysetup-bucket-allocator-block-count=8"
    "memorysetup-main-allocator-block-size=16777216"
    "memorysetup-thread-allocator-block-size=16777216"
    "memorysetup-gfx-main-allocator-block-size=16777216"
    "memorysetup-gfx-thread-allocator-block-size=16777216"
    "memorysetup-cache-allocator-block-size=4194304"
    "memorysetup-typetree-allocator-block-size=2097152"
    "memorysetup-profiler-bucket-allocator-granularity=16"
    "memorysetup-profiler-bucket-allocator-bucket-count=8"
    "memorysetup-profiler-bucket-allocator-block-size=33554432"
    "memorysetup-profiler-bucket-allocator-block-count=8"
    "memorysetup-profiler-allocator-block-size=16777216"
    "memorysetup-profiler-editor-allocator-block-size=1048576"
    "memorysetup-temp-allocator-size-main=16777216"
    "memorysetup-job-temp-allocator-block-size=2097152"
    "memorysetup-job-temp-allocator-block-size-background=1048576"
    "memorysetup-job-temp-allocator-reduction-small-platforms=262144"
    "memorysetup-allocator-temp-initial-block-size-main=262144"
    "memorysetup-allocator-temp-initial-block-size-worker=262144"
    "memorysetup-temp-allocator-size-background-worker=32768"
    "memorysetup-temp-allocator-size-job-worker=262144"
    "memorysetup-temp-allocator-size-preload-manager=33554432"
    "memorysetup-temp-allocator-size-nav-mesh-worker=65536"
    "memorysetup-temp-allocator-size-audio-worker=65536"
    "memorysetup-temp-allocator-size-cloud-worker=32768"
    "memorysetup-temp-allocator-size-gi-baking-worker=262144"
    "memorysetup-temp-allocator-size-gfx=262144"
Player connection [13280] Host "[IP] 192.168.51.1 [Port] 0 [Flags] 2 [Guid] 3779948007 [EditorId] 3779948007 [Version] 1048832 [Id] WindowsEditor(7,VCL-01) [Debug] 1 [PackageName] WindowsEditor [ProjectName] Editor" joined multi-casting on [225.0.0.222:54997]...

Player connection [13280] Host "[IP] 192.168.51.1 [Port] 0 [Flags] 2 [Guid] 3779948007 [EditorId] 3779948007 [Version] 1048832 [Id] WindowsEditor(7,VCL-01) [Debug] 1 [PackageName] WindowsEditor [ProjectName] Editor" joined alternative multi-casting on [225.0.0.222:34997]...

[Physics::Module] Initialized MultithreadedJobDispatcher with 11 workers.
Refreshing native plugins compatible for Editor in 217.45 ms, found 12 plugins.
Preloading 1 native plugins for Editor in 0.48 ms.
Initialize engine version: 2022.3.15f1 (b58023a2b463)
[Subsystems] Discovering subsystems at path C:/Program Files/Unity/Hub/Editor/2022.3.15f1/Editor/Data/Resources/UnitySubsystems
[Subsystems] Discovering subsystems at path C:/Users/User/Documents/Final Project/Final Project/Assets
GfxDevice: creating device client; threaded=0; jobified=0
Direct3D:
    Version:  Direct3D 11.0 [level 11.1]
    Renderer: NVIDIA GeForce RTX 3060 Ti (ID=0x2489)
    Vendor:   NVIDIA
    VRAM:     8038 MB
    Driver:   31.0.15.3699
Initialize mono
Mono path[0] = 'C:/Program Files/Unity/Hub/Editor/2022.3.15f1/Editor/Data/Managed'
Mono path[1] = 'C:/Program Files/Unity/Hub/Editor/2022.3.15f1/Editor/Data/MonoBleedingEdge/lib/mono/unityjit-win32'
Mono config path = 'C:/Program Files/Unity/Hub/Editor/2022.3.15f1/Editor/Data/MonoBleedingEdge/etc'
Using monoOptions --debugger-agent=transport=dt_socket,embedding=1,server=y,suspend=n,address=127.0.0.1:56236
Begin MonoManager ReloadAssembly
Registering precompiled unity dll's ...
Register platform support module: C:/Program Files/Unity/Hub/Editor/2022.3.15f1/Editor/Data/PlaybackEngines/WebGLSupport/UnityEditor.WebGL.Extensions.dll
Register platform support module: C:/Program Files/Unity/Hub/Editor/2022.3.15f1/Editor/Data/PlaybackEngines/WindowsStandaloneSupport/UnityEditor.WindowsStandalone.Extensions.dll
Registered in 0.005321 seconds.
- Loaded All Assemblies, in  0.271 seconds
Native extension for WindowsStandalone target not found
Native extension for WebGL target not found
Mono: successfully reloaded assembly
- Finished resetting the current domain, in  0.212 seconds
Domain Reload Profiling: 483ms
	BeginReloadAssembly (85ms)
		ExecutionOrderSort (0ms)
		DisableScriptedObjects (0ms)
		BackupInstance (0ms)
		ReleaseScriptingObjects (0ms)
		CreateAndSetChildDomain (1ms)
	RebuildCommonClasses (23ms)
	RebuildNativeTypeToScriptingClass (10ms)
	initialDomainReloadingComplete (41ms)
	LoadAllAssembliesAndSetupDomain (111ms)
		LoadAssemblies (83ms)
		RebuildTransferFunctionScriptingTraits (0ms)
		AnalyzeDomain (110ms)
			TypeCache.Refresh (109ms)
				TypeCache.ScanAssembly (99ms)
			ScanForSourceGeneratedMonoScriptInfo (0ms)
			ResolveRequiredComponents (0ms)
	FinalizeReload (212ms)
		ReleaseScriptCaches (0ms)
		RebuildScriptCaches (0ms)
		SetupLoadedEditorAssemblies (169ms)
			LogAssemblyErrors (0ms)
			InitializePlatformSupportModulesInManaged (8ms)
			SetLoadedEditorAssemblies (3ms)
			RefreshPlugins (0ms)
			BeforeProcessingInitializeOnLoad (2ms)
			ProcessInitializeOnLoadAttributes (117ms)
			ProcessInitializeOnLoadMethodAttributes (39ms)
			AfterProcessingInitializeOnLoad (0ms)
			EditorAssembliesLoaded (0ms)
		ExecutionOrderSort2 (0ms)
		AwakeInstancesAfterBackupRestoration (0ms)
========================================================================
Worker process is ready to serve import requests
Begin MonoManager ReloadAssembly
- Loaded All Assemblies, in  0.547 seconds
Refreshing native plugins compatible for Editor in 6.85 ms, found 12 plugins.
Native extension for WindowsStandalone target not found
Native extension for WebGL target not found
Package Manager log level set to [2]
[Package Manager] Server::EnsureServerProcessIsRunning -- launch failed, reason: Unity was launched with the -noUpm command-line argument
[Package Manager] UpmClient::Send -- Unable to send message (not connected to UPM process).
[Package Manager] Cannot connect to Unity Package Manager local server
[Package Manager] Server::EnsureServerProcessIsRunning -- launch failed, reason: Unity was launched with the -noUpm command-line argument
[Package Manager] UpmClient::Send -- Unable to send message (not connected to UPM process).
[Package Manager] Cannot connect to Unity Package Manager local server
System.Reflection.TargetInvocationException: Exception has been thrown by the target of an invocation. ---> System.NullReferenceException: Object reference not set to an instance of an object
  at Unity.XR.Oculus.OculusLoader.AssetPathToAbsolutePath (System.String assetPath) [0x0003d] in .\Library\PackageCache\com.unity.xr.oculus@4.1.2\Runtime\OculusLoader.cs:287 
  at Unity.XR.Oculus.OculusLoader.EditorLoadOVRPlugin () [0x00084] in .\Library\PackageCache\com.unity.xr.oculus@4.1.2\Runtime\OculusLoader.cs:272 
  at (wrapper managed-to-native) System.Reflection.RuntimeMethodInfo.InternalInvoke(System.Reflection.RuntimeMethodInfo,object,object[],System.Exception&)
  at System.Reflection.RuntimeMethodInfo.Invoke (System.Object obj, System.Reflection.BindingFlags invokeAttr, System.Reflection.Binder binder, System.Object[] parameters, System.Globalization.CultureInfo culture) [0x0006a] in <7ec8e29954a6455daa48484a381ec418>:0 
   --- End of inner exception stack trace ---
  at System.Reflection.RuntimeMethodInfo.Invoke (System.Object obj, System.Reflection.BindingFlags invokeAttr, System.Reflection.Binder binder, System.Object[] parameters, System.Globalization.CultureInfo culture) [0x00083] in <7ec8e29954a6455daa48484a381ec418>:0 
  at System.Reflection.MethodBase.Invoke (System.Object obj, System.Object[] parameters) [0x00000] in <7ec8e29954a6455daa48484a381ec418>:0 
  at UnityEditor.EditorAssemblies.ProcessInitializeOnLoadMethodAttributes () [0x000a5] in <64861216782042de93237b5c061bff1b>:0 
Mono: successfully reloaded assembly
[Package Manager] Server::EnsureServerProcessIsRunning -- launch failed, reason: Unity was launched with the -noUpm command-line argument
[Package Manager] UpmClient::Send -- Unable to send message (not connected to UPM process).
[Package Manager] Cannot connect to Unity Package Manager local server
[Package Manager] Server::EnsureServerProcessIsRunning -- launch failed, reason: Unity was launched with the -noUpm command-line argument
[Package Manager] UpmClient::Send -- Unable to send message (not connected to UPM process).
[Package Manager] Cannot connect to Unity Package Manager local server
- Finished resetting the current domain, in  0.548 seconds
Domain Reload Profiling: 1093ms
	BeginReloadAssembly (125ms)
		ExecutionOrderSort (0ms)
		DisableScriptedObjects (5ms)
		BackupInstance (0ms)
		ReleaseScriptingObjects (0ms)
		CreateAndSetChildDomain (22ms)
	RebuildCommonClasses (25ms)
	RebuildNativeTypeToScriptingClass (7ms)
	initialDomainReloadingComplete (38ms)
	LoadAllAssembliesAndSetupDomain (351ms)
		LoadAssemblies (241ms)
		RebuildTransferFunctionScriptingTraits (0ms)
		AnalyzeDomain (179ms)
			TypeCache.Refresh (143ms)
				TypeCache.ScanAssembly (126ms)
			ScanForSourceGeneratedMonoScriptInfo (23ms)
			ResolveRequiredComponents (11ms)
	FinalizeReload (548ms)
		ReleaseScriptCaches (0ms)
		RebuildScriptCaches (0ms)
		SetupLoadedEditorAssemblies (411ms)
			LogAssemblyErrors (0ms)
			InitializePlatformSupportModulesInManaged (5ms)
			SetLoadedEditorAssemblies (2ms)
			RefreshPlugins (0ms)
			BeforeProcessingInitializeOnLoad (56ms)
			ProcessInitializeOnLoadAttributes (284ms)
			ProcessInitializeOnLoadMethodAttributes (59ms)
			AfterProcessingInitializeOnLoad (4ms)
			EditorAssembliesLoaded (0ms)
		ExecutionOrderSort2 (0ms)
		AwakeInstancesAfterBackupRestoration (5ms)
Launched and connected shader compiler UnityShaderCompiler.exe after 0.03 seconds
Refreshing native plugins compatible for Editor in 7.51 ms, found 12 plugins.
Preloading 1 native plugins for Editor in 0.06 ms.
Unloading 5508 Unused Serialized files (Serialized files now loaded: 0)
Unloading 76 unused Assets / (326.0 KB). Loaded Objects now: 5981.
Memory consumption went from 238.6 MB to 238.3 MB.
Total: 3.958500 ms (FindLiveObjects: 0.776800 ms CreateObjectMapping: 0.335500 ms MarkObjects: 2.651000 ms  DeleteObjects: 0.193400 ms)

AssetImportParameters requested are different than current active one (requested -> active):
  custom:container-demuxer-ogg: 62fdf1f143b41e24485cea50d1cbac27 -> 
  custom:video-codec-MediaFoundation-h265: 746d11721c4dcdbdad8f713fa42b33f4 -> 
  custom:video-decoder-ogg-theora: a1e56fd34408186e4bbccfd4996cb3dc -> 
  custom:framework-win-MediaFoundation: 216162199b28c13a410421893ffa2e32 -> 
  custom:CustomObjectIndexerAttribute: 4d1d7186bcbbfe361de5f0ad951e585c -> 
  custom:container-demuxer-webm: 4f35f7cbe854078d1ac9338744f61a02 -> 
  custom:container-muxer-webm: aa71ff27fc2769a1b78a27578f13a17b -> 
  custom:video-decoder-webm-vp8: 9c59270c3fd7afecdb556c50c9e8de78 -> 
  custom:SearchIndexIgnoredProperties: e643bd26f0fe6173181afceb89e7c659 -> 
  custom:AudioImporter_EditorPlatform: d09bf68614088b80899f8185d706f6e7 -> 
  custom:video-encoder-webm-vp8: eb34c28f22e8b96e1ab97ce403110664 -> 
  custom:audio-decoder-ogg-vorbis: bf7c407c2cedff20999df2af8eb42d56 -> 
  custom:audio-encoder-webm-vorbis: bf7c407c2cedff20999df2af8eb42d56 -> 
========================================================================
Received Import Request.
  Time since last request: 154.701192 seconds.
  path: Assets/Resources/Playing Cards/Resource/Prefab/BackColor_Black/Black_PlayingCards_Club12_00.prefab
  artifactKey: Guid(2faff22567e6bef43b47d903398823b6) Importer(815301076,1909f56bfc062723c751e8b465ee728b)
Start importing Assets/Resources/Playing Cards/Resource/Prefab/BackColor_Black/Black_PlayingCards_Club12_00.prefab using Guid(2faff22567e6bef43b47d903398823b6) Importer(815301076,1909f56bfc062723c751e8b465ee728b)  -> (artifact id: '1c14d9a9d13807fbe585760da92cbd0b') in 0.253071 seconds
Number of updated asset objects reloaded before import = 0
Number of asset objects unloaded after import = 12
========================================================================
Received Import Request.
  Time since last request: 0.000034 seconds.
  path: Assets/Resources/Playing Cards/Resource/Prefab/BackColor_Black/Black_PlayingCards_Heart10_00.prefab
  artifactKey: Guid(d84f28c6689d25a44adea6e8a70f36d5) Importer(815301076,1909f56bfc062723c751e8b465ee728b)
Start importing Assets/Resources/Playing Cards/Resource/Prefab/BackColor_Black/Black_PlayingCards_Heart10_00.prefab using Guid(d84f28c6689d25a44adea6e8a70f36d5) Importer(815301076,1909f56bfc062723c751e8b465ee728b)  -> (artifact id: '117d5a7031edd77c4cbc7a0024fefcf3') in 0.021693 seconds
Number of updated asset objects reloaded before import = 0
Number of asset objects unloaded after import = 11
========================================================================
Received Import Request.
  Time since last request: 0.000024 seconds.
  path: Assets/Resources/Playing Cards/Resource/Prefab/BackColor_Black/Black_PlayingCards_Spade04_00.prefab
  artifactKey: Guid(284ed5c6a5369674ea3705d18a998844) Importer(815301076,1909f56bfc062723c751e8b465ee728b)
Start importing Assets/Resources/Playing Cards/Resource/Prefab/BackColor_Black/Black_PlayingCards_Spade04_00.prefab using Guid(284ed5c6a5369674ea3705d18a998844) Importer(815301076,1909f56bfc062723c751e8b465ee728b)  -> (artifact id: '0345fcc07ea26f1c595c2e7f06cf8365') in 0.021674 seconds
Number of updated asset objects reloaded before import = 0
Number of asset objects unloaded after import = 11
========================================================================
Received Import Request.
  Time since last request: 0.000022 seconds.
  path: Assets/Resources/Playing Cards/Resource/Prefab/BackColor_Black/Black_PlayingCards_Spade05_00.prefab
  artifactKey: Guid(0ef72ba4151fcf5448909d51ef0533ed) Importer(815301076,1909f56bfc062723c751e8b465ee728b)
Start importing Assets/Resources/Playing Cards/Resource/Prefab/BackColor_Black/Black_PlayingCards_Spade05_00.prefab using Guid(0ef72ba4151fcf5448909d51ef0533ed) Importer(815301076,1909f56bfc062723c751e8b465ee728b)  -> (artifact id: '42d27842a483529da7f2e6f9206a7ae4') in 0.011114 seconds
Number of updated asset objects reloaded before import = 0
Number of asset objects unloaded after import = 11
========================================================================
Received Import Request.
  Time since last request: 0.000023 seconds.
  path: Assets/Resources/Playing Cards/Resource/Prefab/BackColor_Black/Black_PlayingCards_Diamond08_00.prefab
  artifactKey: Guid(98add747d5a7840429499d9c7f1ddf28) Importer(815301076,1909f56bfc062723c751e8b465ee728b)
Start importing Assets/Resources/Playing Cards/Resource/Prefab/BackColor_Black/Black_PlayingCards_Diamond08_00.prefab using Guid(98add747d5a7840429499d9c7f1ddf28) Importer(815301076,1909f56bfc062723c751e8b465ee728b)  -> (artifact id: '81e69f5d2c233fe717948b1d0b42cd11') in 0.021038 seconds
Number of updated asset objects reloaded before import = 0
Number of asset objects unloaded after import = 11
========================================================================
Received Import Request.
  Time since last request: 0.000023 seconds.
  path: Assets/Resources/Playing Cards/Resource/Prefab/BackColor_Black/Black_PlayingCards_Club09_00.prefab
  artifactKey: Guid(0a68482a7e72e3f4aa4f8652a2035548) Importer(815301076,1909f56bfc062723c751e8b465ee728b)
Start importing Assets/Resources/Playing Cards/Resource/Prefab/BackColor_Black/Black_PlayingCards_Club09_00.prefab using Guid(0a68482a7e72e3f4aa4f8652a2035548) Importer(815301076,1909f56bfc062723c751e8b465ee728b)  -> (artifact id: 'bddbb73dd33c269149802629ab7d4cae') in 0.021031 seconds
Number of updated asset objects reloaded before import = 0
Number of asset objects unloaded after import = 11
========================================================================
Received Import Request.
  Time since last request: 0.000019 seconds.
  path: Assets/Resources/Playing Cards/Resource/Prefab/BackColor_Black/Black_PlayingCards_Club13_00.prefab
  artifactKey: Guid(47875a26b7de4684986de1759288cda3) Importer(815301076,1909f56bfc062723c751e8b465ee728b)
Start importing Assets/Resources/Playing Cards/Resource/Prefab/BackColor_Black/Black_PlayingCards_Club13_00.prefab using Guid(47875a26b7de4684986de1759288cda3) Importer(815301076,1909f56bfc062723c751e8b465ee728b)  -> (artifact id: '899feb991083500defbbc25838bcb3b8') in 0.024019 seconds
Number of updated asset objects reloaded before import = 0
Number of asset objects unloaded after import = 11
========================================================================
Received Import Request.
  Time since last request: 0.000022 seconds.
  path: Assets/Resources/Playing Cards/Resource/Prefab/BackColor_Black/Black_PlayingCards_Joker_00.prefab
  artifactKey: Guid(86f5be653215f1c44bce484f91c79ce2) Importer(815301076,1909f56bfc062723c751e8b465ee728b)
Start importing Assets/Resources/Playing Cards/Resource/Prefab/BackColor_Black/Black_PlayingCards_Joker_00.prefab using Guid(86f5be653215f1c44bce484f91c79ce2) Importer(815301076,1909f56bfc062723c751e8b465ee728b)  -> (artifact id: 'a8cf04fd71f9cf1d1fa7ef38d4ef8d6d') in 0.021348 seconds
Number of updated asset objects reloaded before import = 0
Number of asset objects unloaded after import = 11
========================================================================
Received Import Request.
  Time since last request: 0.000030 seconds.
  path: Assets/Resources/Playing Cards/Resource/Prefab/BackColor_Black/Black_PlayingCards_Club04_00.prefab
  artifactKey: Guid(ff26e91d329993c4a9d197dbd4f21d02) Importer(815301076,1909f56bfc062723c751e8b465ee728b)
Start importing Assets/Resources/Playing Cards/Resource/Prefab/BackColor_Black/Black_PlayingCards_Club04_00.prefab using Guid(ff26e91d329993c4a9d197dbd4f21d02) Importer(815301076,1909f56bfc062723c751e8b465ee728b)  -> (artifact id: '219ad857b6f14a12e67c7ef02e45556b') in 0.020429 seconds
Number of updated asset objects reloaded before import = 0
Number of asset objects unloaded after import = 11
========================================================================
Received Import Request.
  Time since last request: 0.000022 seconds.
  path: Assets/Resources/Playing Cards/Resource/Prefab/BackColor_Black/Black_PlayingCards_Heart09_00.prefab
  artifactKey: Guid(42ca9df923c7adc418eb2e62b8422389) Importer(815301076,1909f56bfc062723c751e8b465ee728b)
Start importing Assets/Resources/Playing Cards/Resource/Prefab/BackColor_Black/Black_PlayingCards_Heart09_00.prefab using Guid(42ca9df923c7adc418eb2e62b8422389) Importer(815301076,1909f56bfc062723c751e8b465ee728b)  -> (artifact id: 'df794666ac58d652760f15084c612657') in 0.011131 seconds
Number of updated asset objects reloaded before import = 0
Number of asset objects unloaded after import = 11
========================================================================
Received Import Request.
  Time since last request: 0.000027 seconds.
  path: Assets/Resources/Playing Cards/Resource/Prefab/BackColor_Black/Black_PlayingCards_Heart02_00.prefab
  artifactKey: Guid(2ad329a434b409941a93f0f343b00e19) Importer(815301076,1909f56bfc062723c751e8b465ee728b)
Start importing Assets/Resources/Playing Cards/Resource/Prefab/BackColor_Black/Black_PlayingCards_Heart02_00.prefab using Guid(2ad329a434b409941a93f0f343b00e19) Importer(815301076,1909f56bfc062723c751e8b465ee728b)  -> (artifact id: '1af440e7d592c011b2af3745f34b4cc8') in 0.020566 seconds
Number of updated asset objects reloaded before import = 0
Number of asset objects unloaded after import = 11
========================================================================
Received Import Request.
  Time since last request: 0.000029 seconds.
  path: Assets/Resources/Playing Cards/Resource/Prefab/BackColor_Black/Black_PlayingCards_Heart13_00.prefab
  artifactKey: Guid(cd97ab8d42ef50149ac3fd43ceaf39e1) Importer(815301076,1909f56bfc062723c751e8b465ee728b)
Start importing Assets/Resources/Playing Cards/Resource/Prefab/BackColor_Black/Black_PlayingCards_Heart13_00.prefab using Guid(cd97ab8d42ef50149ac3fd43ceaf39e1) Importer(815301076,1909f56bfc062723c751e8b465ee728b)  -> (artifact id: '15a4d7ffc259bf5827d61044b1a0564b') in 0.019681 seconds
Number of updated asset objects reloaded before import = 0
Number of asset objects unloaded after import = 11
========================================================================
Received Import Request.
  Time since last request: 0.000023 seconds.
  path: Assets/Resources/Playing Cards/Resource/Prefab/BackColor_Black/Black_PlayingCards_Spade07_00.prefab
  artifactKey: Guid(90b9cbbb587544247b843c1e997ff060) Importer(815301076,1909f56bfc062723c751e8b465ee728b)
Start importing Assets/Resources/Playing Cards/Resource/Prefab/BackColor_Black/Black_PlayingCards_Spade07_00.prefab using Guid(90b9cbbb587544247b843c1e997ff060) Importer(815301076,1909f56bfc062723c751e8b465ee728b)  -> (artifact id: '79ef9dbdcf34511c7146f1e30bc36375') in 0.020311 seconds
Number of updated asset objects reloaded before import = 0
Number of asset objects unloaded after import = 11
========================================================================
Received Import Request.
  Time since last request: 0.000021 seconds.
  path: Assets/Resources/Playing Cards/Resource/Prefab/BackColor_Black/Black_PlayingCards_Diamond10_00.prefab
  artifactKey: Guid(8c7d6e3bfa2b5524b9506499c21ad9ed) Importer(815301076,1909f56bfc062723c751e8b465ee728b)
Start importing Assets/Resources/Playing Cards/Resource/Prefab/BackColor_Black/Black_PlayingCards_Diamond10_00.prefab using Guid(8c7d6e3bfa2b5524b9506499c21ad9ed) Importer(815301076,1909f56bfc062723c751e8b465ee728b)  -> (artifact id: 'b5bb07fa4fb634cadeae695b5446b225') in 0.021254 seconds
Number of updated asset objects reloaded before import = 0
Number of asset objects unloaded after import = 11
========================================================================
Received Import Request.
  Time since last request: 0.000020 seconds.
  path: Assets/Resources/Playing Cards/Resource/Prefab/BackColor_Black/Black_PlayingCards_Heart03_00.prefab
  artifactKey: Guid(797b98feaf159e64eae6cd8ea9fc1d75) Importer(815301076,1909f56bfc062723c751e8b465ee728b)
Start importing Assets/Resources/Playing Cards/Resource/Prefab/BackColor_Black/Black_PlayingCards_Heart03_00.prefab using Guid(797b98feaf159e64eae6cd8ea9fc1d75) Importer(815301076,1909f56bfc062723c751e8b465ee728b)  -> (artifact id: '7bccbc8461c8df6b93af2ec35db04088') in 0.021322 seconds
Number of updated asset objects reloaded before import = 0
Number of asset objects unloaded after import = 11
========================================================================
Received Import Request.
  Time since last request: 0.000021 seconds.
  path: Assets/Resources/Playing Cards/Resource/Prefab/BackColor_Black/Black_PlayingCards_Heart04_00.prefab
  artifactKey: Guid(1e6cedcc0d700f6428dd3b4b2028a3d3) Importer(815301076,1909f56bfc062723c751e8b465ee728b)
Start importing Assets/Resources/Playing Cards/Resource/Prefab/BackColor_Black/Black_PlayingCards_Heart04_00.prefab using Guid(1e6cedcc0d700f6428dd3b4b2028a3d3) Importer(815301076,1909f56bfc062723c751e8b465ee728b)  -> (artifact id: '4baa8edba1d3c5d92dbde7704c78dbba') in 0.019141 seconds
Number of updated asset objects reloaded before import = 0
Number of asset objects unloaded after import = 11
========================================================================
Received Import Request.
  Time since last request: 0.000022 seconds.
  path: Assets/Resources/Playing Cards/Resource/Prefab/BackColor_Black/Black_PlayingCards_Spade03_00.prefab
  artifactKey: Guid(6e04802004627984c9f8a45567c831d5) Importer(815301076,1909f56bfc062723c751e8b465ee728b)
Start importing Assets/Resources/Playing Cards/Resource/Prefab/BackColor_Black/Black_PlayingCards_Spade03_00.prefab using Guid(6e04802004627984c9f8a45567c831d5) Importer(815301076,1909f56bfc062723c751e8b465ee728b)  -> (artifact id: '0867a2b7d8a85c03b9a2760ee879a79c') in 0.020133 seconds
Number of updated asset objects reloaded before import = 0
Number of asset objects unloaded after import = 11
========================================================================
Received Import Request.
  Time since last request: 0.000025 seconds.
  path: Assets/Resources/Playing Cards/Resource/Prefab/BackColor_Black/Black_PlayingCards_Club06_00.prefab
  artifactKey: Guid(3ebc3c32e60c5f84b942bdfeded6669d) Importer(815301076,1909f56bfc062723c751e8b465ee728b)
Start importing Assets/Resources/Playing Cards/Resource/Prefab/BackColor_Black/Black_PlayingCards_Club06_00.prefab using Guid(3ebc3c32e60c5f84b942bdfeded6669d) Importer(815301076,1909f56bfc062723c751e8b465ee728b)  -> (artifact id: '97f7e19d732b649c62aa1338cee4d2a9') in 0.011278 seconds
Number of updated asset objects reloaded before import = 0
Number of asset objects unloaded after import = 11
========================================================================
Received Import Request.
  Time since last request: 0.000029 seconds.
  path: Assets/Resources/Playing Cards/Resource/Prefab/BackColor_Black/Black_PlayingCards_Spade10_00.prefab
  artifactKey: Guid(ed16705f484caad438170679afeb5912) Importer(815301076,1909f56bfc062723c751e8b465ee728b)
Start importing Assets/Resources/Playing Cards/Resource/Prefab/BackColor_Black/Black_PlayingCards_Spade10_00.prefab using Guid(ed16705f484caad438170679afeb5912) Importer(815301076,1909f56bfc062723c751e8b465ee728b)  -> (artifact id: 'a198d442d12a43dcb495af41b062d597') in 0.019877 seconds
Number of updated asset objects reloaded before import = 0
Number of asset objects unloaded after import = 11
========================================================================
Received Import Request.
  Time since last request: 0.000031 seconds.
  path: Assets/Resources/Playing Cards/Resource/Prefab/BackColor_Black/Black_PlayingCards_Spade06_00.prefab
  artifactKey: Guid(d1a158d1833c26a4eb58c89a74e2641d) Importer(815301076,1909f56bfc062723c751e8b465ee728b)
Start importing Assets/Resources/Playing Cards/Resource/Prefab/BackColor_Black/Black_PlayingCards_Spade06_00.prefab using Guid(d1a158d1833c26a4eb58c89a74e2641d) Importer(815301076,1909f56bfc062723c751e8b465ee728b)  -> (artifact id: 'b5ea4379f12af9af155754ec2599aa18') in 0.019644 seconds
Number of updated asset objects reloaded before import = 0
Number of asset objects unloaded after import = 11
========================================================================
Received Import Request.
  Time since last request: 0.000021 seconds.
  path: Assets/Resources/Playing Cards/Resource/Prefab/BackColor_Black/Black_PlayingCards_Heart05_00.prefab
  artifactKey: Guid(fd18434b1453ebc4f9650cfea2c495dc) Importer(815301076,1909f56bfc062723c751e8b465ee728b)
Start importing Assets/Resources/Playing Cards/Resource/Prefab/BackColor_Black/Black_PlayingCards_Heart05_00.prefab using Guid(fd18434b1453ebc4f9650cfea2c495dc) Importer(815301076,1909f56bfc062723c751e8b465ee728b)  -> (artifact id: 'b657f6148e0b0be0f56fde61d511451c') in 0.010756 seconds
Number of updated asset objects reloaded before import = 0
Number of asset objects unloaded after import = 11
========================================================================
Received Import Request.
  Time since last request: 0.000025 seconds.
  path: Assets/Resources/Playing Cards/Resource/Prefab/BackColor_Black/Black_PlayingCards_Diamond12_00.prefab
  artifactKey: Guid(a6cba7b2813f8474cb3b48d1d236bfc8) Importer(815301076,1909f56bfc062723c751e8b465ee728b)
Start importing Assets/Resources/Playing Cards/Resource/Prefab/BackColor_Black/Black_PlayingCards_Diamond12_00.prefab using Guid(a6cba7b2813f8474cb3b48d1d236bfc8) Importer(815301076,1909f56bfc062723c751e8b465ee728b)  -> (artifact id: '7408a2dc65f7e7ed800ec757867f7cdb') in 0.010900 seconds
Number of updated asset objects reloaded before import = 0
Number of asset objects unloaded after import = 11
========================================================================
Received Import Request.
  Time since last request: 0.000027 seconds.
  path: Assets/Resources/Playing Cards/Resource/Prefab/BackColor_Black/Black_PlayingCards_Heart08_00.prefab
  artifactKey: Guid(18806dc360617d048bbe013f75ee644b) Importer(815301076,1909f56bfc062723c751e8b465ee728b)
Start importing Assets/Resources/Playing Cards/Resource/Prefab/BackColor_Black/Black_PlayingCards_Heart08_00.prefab using Guid(18806dc360617d048bbe013f75ee644b) Importer(815301076,1909f56bfc062723c751e8b465ee728b)  -> (artifact id: '03f9c9dd17f0e534d3c1ab7be676928e') in 0.011475 seconds
Number of updated asset objects reloaded before import = 0
Number of asset objects unloaded after import = 11
========================================================================
Received Import Request.
  Time since last request: 0.000024 seconds.
  path: Assets/Resources/Playing Cards/Resource/Prefab/BackColor_Black/Black_ManyDiscard_00.prefab
  artifactKey: Guid(3977fd7fb55dc764c825f3f534f8ff65) Importer(815301076,1909f56bfc062723c751e8b465ee728b)
Start importing Assets/Resources/Playing Cards/Resource/Prefab/BackColor_Black/Black_ManyDiscard_00.prefab using Guid(3977fd7fb55dc764c825f3f534f8ff65) Importer(815301076,1909f56bfc062723c751e8b465ee728b)  -> (artifact id: 'ce390524aa00c0bd14e4310f6ce2fa72') in 0.019518 seconds
Number of updated asset objects reloaded before import = 0
Number of asset objects unloaded after import = 20
========================================================================
Received Import Request.
  Time since last request: 0.000021 seconds.
  path: Assets/Resources/Playing Cards/Resource/Prefab/BackColor_Black/Black_PlayingCards_Diamond11_00.prefab
  artifactKey: Guid(68b65760d33ca964aac9df6a35aa8477) Importer(815301076,1909f56bfc062723c751e8b465ee728b)
Start importing Assets/Resources/Playing Cards/Resource/Prefab/BackColor_Black/Black_PlayingCards_Diamond11_00.prefab using Guid(68b65760d33ca964aac9df6a35aa8477) Importer(815301076,1909f56bfc062723c751e8b465ee728b)  -> (artifact id: '795fb8900edf617e91191c2e0b0515db') in 0.010344 seconds
Number of updated asset objects reloaded before import = 0
Number of asset objects unloaded after import = 11
========================================================================
Received Import Request.
  Time since last request: 0.000022 seconds.
  path: Assets/Resources/Playing Cards/Resource/Prefab/BackColor_Black/Black_PlayingCards_Joker_10.prefab
  artifactKey: Guid(2b464ae7f2a03c344b5aef06b7819352) Importer(815301076,1909f56bfc062723c751e8b465ee728b)
Start importing Assets/Resources/Playing Cards/Resource/Prefab/BackColor_Black/Black_PlayingCards_Joker_10.prefab using Guid(2b464ae7f2a03c344b5aef06b7819352) Importer(815301076,1909f56bfc062723c751e8b465ee728b)  -> (artifact id: '77b308d15f619b6339b2172d8fe13a2d') in 0.007253 seconds
Number of updated asset objects reloaded before import = 0
Number of asset objects unloaded after import = 11
Editor requested this worker to shutdown with reason: Scaling down because of idle timeout
TcpMessagingSession - receive error: operation aborted. errorcode: 995, details: The I/O operation has been aborted because of either a thread exit or an application request.
AssetImportWorker is now disconnected from the server
Process exiting
Exiting without the bug reporter. Application will terminate with return code 0